JvmtiExport can_access_local_variables 0
JvmtiExport can_hotswap_or_post_breakpoint 0
JvmtiExport can_post_on_exceptions 0
# 103 ciObject found
ciMethod java/lang/String compareTo (Ljava/lang/String;)I 2049 88481 2423 0 -1
ciMethod java/lang/Math min (II)I 3465 1 39167 0 -1
ciMethodData java/lang/String compareTo (Ljava/lang/String;)I 2 27964 orig 264 136 160 94 81 0 0 0 0 0 74 84 20 0 0 0 0 184 1 0 0 0 0 0 0 0 0 0 0 0 0 0 0 0 0 0 0 0 0 0 0 0 0 0 0 0 0 0 0 0 0 0 0 0 0 0 0 0 0 0 0 0 0 0 0 0 0 0 0 0 0 0 0 0 0 0 0 0 0 0 0 77 68 79 32 101 120 116 114 97 32 100 97 116 97 32 108 111 99 107 0 0 0 0 0 0 0 0 0 0 0 0 0 0 0 0 0 0 0 0 0 0 0 0 0 0 0 0 0 0 0 0 0 0 0 0 0 0 0 0 0 0 0 0 0 0 0 0 0 0 0 0 0 0 0 0 0 0 0 0 0 0 0 0 0 0 0 0 0 0 0 0 0 0 0 0 0 0 0 0 0 0 0 0 0 0 0 0 0 0 0 0 0 0 0 0 0 0 0 0 0 0 0 0 0 0 0 0 0 0 0 0 0 0 0 0 0 52 43 0 0 153 73 0 0 65 16 2 0 0 0 0 0 0 0 0 0 2 0 0 0 1 0 12 0 2 0 0 0 104 0 0 0 255 255 255 255 2 0 14 0 0 0 0 0 data 13 0xe0002 0x933 0x260007 0xe4 0x58 0x4a4b 0x3b0007 0x41fc 0x20 0x84f 0x470003 0x41fc 0xffffffffffffffc0 oops 0
instanceKlass java/util/Optional
instanceKlass com/sun/javafx/tk/quantum/WindowStage$$Lambda$289
instanceKlass com/sun/glass/ui/EventLoop
instanceKlass com/sun/prism/image/CompoundImage
instanceKlass com/sun/javafx/scene/KeyboardShortcutsHandler$CopyOnWriteMap$1$1
instanceKlass com/sun/javafx/scene/control/skin/ButtonBarSkin$$Lambda$288
instanceKlass com/sun/javafx/scene/control/skin/ButtonBarSkin$$Lambda$287
instanceKlass com/sun/javafx/css/converters/FontConverter$FontSizeConverter$Holder
instanceKlass javafx/scene/image/ImageView$StyleableProperties
instanceKlass com/sun/javafx/image/impl/ByteRgba$Accessor
instanceKlass com/sun/javafx/image/impl/ByteRgba
instanceKlass com/sun/javafx/image/impl/ByteBgraPre$Accessor
instanceKlass com/sun/javafx/image/impl/ByteBgraPre
instanceKlass com/sun/javafx/image/impl/ByteBgra$Accessor
instanceKlass com/sun/javafx/image/impl/ByteBgra
instanceKlass com/sun/prism/Image$1
instanceKlass com/sun/javafx/iio/ImageFrame
instanceKlass com/sun/javafx/iio/ImageMetadata
instanceKlass com/sun/javafx/iio/common/ImageLoaderImpl
instanceKlass java/util/Vector$1
instanceKlass com/sun/javafx/iio/common/ImageTools
instanceKlass com/sun/javafx/iio/ImageFormatDescription$Signature
instanceKlass com/sun/javafx/iio/common/ImageDescriptor
instanceKlass com/sun/javafx/iio/bmp/BMPImageLoaderFactory
instanceKlass com/sun/javafx/iio/png/PNGImageLoaderFactory
instanceKlass com/sun/javafx/iio/jpeg/JPEGImageLoaderFactory
instanceKlass com/sun/javafx/iio/ImageFormatDescription
instanceKlass com/sun/javafx/iio/ImageLoader
instanceKlass com/sun/javafx/iio/gif/GIFImageLoaderFactory
instanceKlass com/sun/javafx/iio/ImageLoaderFactory
instanceKlass com/sun/javafx/iio/ImageStorage
instanceKlass com/sun/javafx/tk/quantum/PrismImageLoader2$PrismLoadListener
instanceKlass com/sun/javafx/iio/ImageLoadListener
instanceKlass com/sun/javafx/tk/quantum/PrismImageLoader2
instanceKlass java/util/regex/Pattern$CharPropertyNames$CharPropertyFactory
instanceKlass java/util/regex/Pattern$CharPropertyNames
instanceKlass javafx/scene/image/Image$1
instanceKlass javafx/scene/image/PixelReader
instanceKlass com/sun/javafx/tk/Toolkit$ImageAccessor
instanceKlass javafx/scene/image/Image
instanceKlass javafx/scene/control/Alert$$Lambda$286
instanceKlass javafx/scene/control/DialogPane$$Lambda$285
instanceKlass javafx/scene/control/DialogPane$$Lambda$284
instanceKlass javafx/scene/layout/ConstraintsBase
instanceKlass javafx/scene/control/Alert$2
instanceKlass javafx/scene/control/Alert$$Lambda$283
instanceKlass javafx/scene/control/Alert$$Lambda$282
instanceKlass javafx/scene/control/Alert$$Lambda$281
instanceKlass javafx/scene/control/DialogPane$StyleableProperties
instanceKlass javafx/scene/control/Dialog$1$$Lambda$280
instanceKlass javafx/scene/control/HeavyweightDialog$$Lambda$279
instanceKlass javafx/scene/control/HeavyweightDialog$$Lambda$278
instanceKlass javafx/scene/control/Dialog$1$$Lambda$277
instanceKlass javafx/scene/control/Dialog$1$$Lambda$276
instanceKlass javafx/scene/control/DialogPane$$Lambda$275
instanceKlass javafx/scene/control/DialogPane$$Lambda$274
instanceKlass javafx/scene/control/DialogPane$$Lambda$273
instanceKlass javafx/scene/control/ButtonType
instanceKlass javafx/scene/control/FXDialog
instanceKlass javafx/scene/control/Dialog
instanceKlass com/sun/javafx/scene/control/ReadOnlyUnbackedObservableList$SelectionListIterator
instanceKlass com/sun/javafx/collections/MappingChange$1
instanceKlass javafx/scene/input/MouseEvent$1
instanceKlass com/sun/javafx/geom/transform/AffineBase$1
instanceKlass com/sun/scenario/effect/impl/prism/ps/PPSRenderer$1
instanceKlass com/sun/scenario/effect/impl/ImagePool$$Lambda$272
instanceKlass com/sun/scenario/effect/impl/ImagePool
instanceKlass com/sun/scenario/effect/impl/hw/d3d/D3DShaderSource
instanceKlass com/sun/scenario/effect/impl/hw/ShaderSource
instanceKlass com/sun/scenario/effect/FloatMap
instanceKlass com/sun/scenario/effect/ImageData
instanceKlass com/sun/scenario/effect/impl/EffectPeer
instanceKlass com/sun/prism/ResourceFactoryListener
instanceKlass com/sun/prism/d3d/D3DPipeline$1
instanceKlass com/sun/scenario/effect/impl/prism/PrTexture
instanceKlass com/sun/scenario/effect/impl/PoolFilterable
instanceKlass com/sun/scenario/effect/impl/RendererFactory$$Lambda$271
instanceKlass com/sun/scenario/effect/impl/RendererFactory
instanceKlass com/sun/scenario/effect/impl/Renderer$$Lambda$270
instanceKlass com/sun/scenario/effect/impl/Renderer
instanceKlass com/sun/prism/shader/Solid_Color_Loader
instanceKlass com/sun/prism/impl/shape/BasicShapeRep
instanceKlass com/sun/javafx/sg/prism/EffectFilter
instanceKlass com/sun/scenario/effect/GaussianShadow$1
instanceKlass com/sun/javafx/tk/Toolkit$1
instanceKlass com/sun/scenario/effect/impl/state/LinearConvolveRenderState
instanceKlass com/sun/scenario/effect/Color4f
instanceKlass com/sun/scenario/effect/impl/state/LinearConvolveKernel
instanceKlass com/sun/scenario/effect/impl/state/RenderState
instanceKlass com/sun/javafx/geom/Path2D$SVGParser
instanceKlass javafx/scene/effect/Effect$1
instanceKlass com/sun/javafx/scene/control/skin/Utils$2
instanceKlass com/sun/javafx/scene/text/HitInfo
instanceKlass com/sun/javafx/scene/control/skin/TableCellSkinBase$$Lambda$269
instanceKlass com/sun/javafx/scene/control/skin/CellSkinBase$StyleableProperties
instanceKlass com/sun/javafx/scene/control/skin/TableRowSkinBase$$Lambda$268
instanceKlass GUI/Knjigoholik$2$1$1$$Lambda$267
instanceKlass sun/reflect/misc/Trampoline
instanceKlass sun/reflect/misc/MethodUtil$1
instanceKlass com/sun/javafx/property/PropertyReference
instanceKlass javafx/scene/control/TableColumn$CellDataFeatures
instanceKlass javafx/scene/control/TableCell$$Lambda$266
instanceKlass javafx/scene/control/TableCell$$Lambda$265
instanceKlass javafx/scene/control/TableCell$$Lambda$264
instanceKlass javafx/scene/control/TableCell$$Lambda$263
instanceKlass javafx/scene/control/TableCell$$Lambda$262
instanceKlass javafx/scene/control/TableCell$$Lambda$261
instanceKlass javafx/scene/control/TableCell$$Lambda$260
instanceKlass javafx/scene/control/TableCell$$Lambda$259
instanceKlass com/sun/javafx/scene/control/skin/TableRowSkinBase$$Lambda$258
instanceKlass com/sun/javafx/scene/control/skin/VirtualFlow$$Lambda$257
instanceKlass javafx/scene/control/TableRow$$Lambda$256
instanceKlass javafx/scene/control/TableRow$$Lambda$255
instanceKlass javafx/scene/control/TableRow$$Lambda$254
instanceKlass javafx/scene/control/Cell$1
instanceKlass com/sun/javafx/scene/control/skin/TableColumnHeader$$Lambda$253
instanceKlass com/sun/javafx/scene/control/skin/ScrollBarSkin$$Lambda$252
instanceKlass com/sun/javafx/scene/control/skin/ScrollBarSkin$$Lambda$251
instanceKlass com/sun/javafx/scene/control/skin/ScrollBarSkin$$Lambda$250
instanceKlass com/sun/javafx/scene/control/skin/ScrollBarSkin$$Lambda$249
instanceKlass com/sun/javafx/scene/control/skin/ScrollBarSkin$$Lambda$248
instanceKlass com/sun/javafx/scene/control/skin/ScrollBarSkin$$Lambda$247
instanceKlass com/sun/javafx/scene/control/skin/ScrollBarSkin$$Lambda$246
instanceKlass com/sun/javafx/scene/control/skin/ScrollBarSkin$$Lambda$245
instanceKlass com/sun/javafx/scene/control/skin/ScrollBarSkin$$Lambda$244
instanceKlass com/sun/javafx/scene/control/skin/ScrollBarSkin$$Lambda$243
instanceKlass com/sun/javafx/scene/control/skin/ScrollBarSkin$$Lambda$242
instanceKlass javafx/scene/layout/BorderStroke
instanceKlass javafx/scene/layout/BorderStrokeStyle
instanceKlass com/sun/javafx/scene/layout/region/Margins
instanceKlass javafx/collections/FXCollections$UnmodifiableObservableSet$1
instanceKlass com/sun/javafx/css/BitSet$1
instanceKlass javafx/collections/SetChangeListener
instanceKlass com/sun/javafx/scene/control/skin/TableViewSkin$$Lambda$241
instanceKlass com/sun/javafx/scene/control/skin/TableViewSkin$$Lambda$240
instanceKlass com/sun/javafx/scene/control/skin/TableViewSkin$$Lambda$239
instanceKlass com/sun/javafx/scene/control/skin/TableViewSkin$$Lambda$238
instanceKlass com/sun/javafx/scene/control/skin/TableViewSkin$$Lambda$237
instanceKlass com/sun/javafx/scene/control/skin/TableViewSkin$$Lambda$236
instanceKlass com/sun/javafx/scene/control/skin/TableViewSkin$$Lambda$235
instanceKlass com/sun/javafx/scene/control/skin/TableViewSkin$$Lambda$234
instanceKlass com/sun/javafx/scene/control/skin/TableViewSkin$$Lambda$233
instanceKlass com/sun/javafx/scene/control/skin/TableViewSkin$$Lambda$232
instanceKlass com/sun/javafx/scene/control/skin/TableViewSkin$$Lambda$231
instanceKlass com/sun/javafx/scene/control/skin/TableViewSkinBase$$Lambda$230
instanceKlass com/sun/javafx/scene/control/skin/TableViewSkinBase$$Lambda$229
instanceKlass com/sun/javafx/scene/control/skin/TableViewSkinBase$1
instanceKlass com/sun/javafx/scene/control/skin/TableViewSkinBase$$Lambda$228
instanceKlass javafx/scene/control/ScrollBar$StyleableProperties
instanceKlass javafx/scene/layout/StackPane$StyleableProperties
instanceKlass com/sun/javafx/scene/control/skin/TableColumnHeader$StyleableProperties
instanceKlass com/sun/javafx/scene/control/skin/TableHeaderRow$$Lambda$227
instanceKlass com/sun/javafx/scene/control/skin/TableHeaderRow$$Lambda$226
instanceKlass com/sun/javafx/scene/control/skin/TableHeaderRow$$Lambda$225
instanceKlass com/sun/javafx/scene/control/skin/NestedTableColumnHeader$$Lambda$224
instanceKlass com/sun/javafx/scene/control/skin/TableColumnHeader$$Lambda$223
instanceKlass com/sun/javafx/scene/control/skin/TableColumnHeader$$Lambda$222
instanceKlass com/sun/javafx/scene/control/skin/TableColumnHeader$$Lambda$221
instanceKlass com/sun/javafx/scene/control/skin/TableColumnHeader$$Lambda$220
instanceKlass com/sun/javafx/scene/control/skin/NestedTableColumnHeader$4
instanceKlass com/sun/javafx/scene/control/skin/NestedTableColumnHeader$3
instanceKlass com/sun/javafx/scene/control/skin/NestedTableColumnHeader$2
instanceKlass com/sun/javafx/scene/control/skin/NestedTableColumnHeader$1
instanceKlass com/sun/javafx/scene/control/skin/TableColumnHeader$$Lambda$219
instanceKlass com/sun/javafx/scene/control/skin/TableColumnHeader$$Lambda$218
instanceKlass com/sun/javafx/scene/control/skin/TableColumnHeader$$Lambda$217
instanceKlass com/sun/javafx/scene/control/skin/TableColumnHeader$$Lambda$216
instanceKlass javafx/beans/value/WritableLongValue
instanceKlass javafx/beans/value/WritableFloatValue
instanceKlass com/sun/javafx/binding/BidirectionalBinding
instanceKlass com/sun/javafx/scene/control/skin/TableHeaderRow$$Lambda$215
instanceKlass com/sun/javafx/scene/control/skin/TableHeaderRow$$Lambda$214
instanceKlass com/sun/javafx/scene/control/skin/TableHeaderRow$3
instanceKlass com/sun/javafx/scene/control/skin/TableHeaderRow$$Lambda$213
instanceKlass com/sun/javafx/scene/control/skin/TableHeaderRow$$Lambda$212
instanceKlass com/sun/javafx/scene/control/skin/TableViewSkinBase$$Lambda$211
instanceKlass com/sun/javafx/scene/control/skin/TableViewSkinBase$$Lambda$210
instanceKlass com/sun/javafx/scene/control/skin/TableViewSkinBase$$Lambda$209
instanceKlass com/sun/javafx/scene/control/skin/TableViewSkinBase$$Lambda$208
instanceKlass com/sun/javafx/scene/control/skin/TableViewSkinBase$$Lambda$207
instanceKlass com/sun/javafx/scene/control/skin/TableViewSkinBase$$Lambda$206
instanceKlass com/sun/javafx/scene/control/skin/VirtualContainerBase$$Lambda$205
instanceKlass com/sun/javafx/scene/control/skin/VirtualFlow$4
instanceKlass com/sun/javafx/scene/control/skin/VirtualFlow$$Lambda$204
instanceKlass com/sun/javafx/scene/control/skin/VirtualFlow$$Lambda$203
instanceKlass com/sun/javafx/scene/control/skin/VirtualFlow$$Lambda$202
instanceKlass com/sun/javafx/scene/control/skin/VirtualFlow$$Lambda$201
instanceKlass com/sun/javafx/scene/control/skin/VirtualFlow$$Lambda$200
instanceKlass javafx/scene/layout/StackPane$$Lambda$199
instanceKlass com/sun/javafx/scene/control/skin/VirtualFlow$$Lambda$198
instanceKlass com/sun/javafx/scene/control/skin/VirtualFlow$$Lambda$197
instanceKlass com/sun/javafx/scene/control/skin/VirtualFlow$$Lambda$196
instanceKlass com/sun/javafx/scene/control/skin/VirtualFlow$$Lambda$195
instanceKlass com/sun/javafx/scene/control/skin/VirtualFlow$3
instanceKlass com/sun/javafx/scene/control/skin/VirtualFlow$2
instanceKlass com/sun/javafx/scene/control/skin/VirtualFlow$$Lambda$194
instanceKlass com/sun/javafx/scene/control/skin/VirtualFlow$$Lambda$193
instanceKlass com/sun/javafx/scene/control/skin/VirtualFlow$$Lambda$192
instanceKlass com/sun/javafx/scene/control/skin/VirtualFlow$ClippedContainer$$Lambda$191
instanceKlass com/sun/javafx/scene/control/skin/VirtualFlow$ClippedContainer$$Lambda$190
instanceKlass com/sun/javafx/scene/control/skin/VirtualScrollBar$$Lambda$189
instanceKlass com/sun/javafx/scene/control/behavior/TableViewBehavior$$Lambda$188
instanceKlass com/sun/javafx/scene/control/behavior/TableViewBehaviorBase$$Lambda$187
instanceKlass com/sun/javafx/scene/control/SizeLimitedList
instanceKlass com/sun/javafx/scene/control/behavior/KeyBinding$1
instanceKlass com/sun/javafx/scene/control/skin/TableViewSkinBase$$Lambda$186
instanceKlass GUI/Knjigoholik$2$1
instanceKlass javafx/scene/control/cell/PropertyValueFactory
instanceKlass sun/security/provider/ByteArrayAccess
instanceKlass sun/security/jca/GetInstance$Instance
instanceKlass java/security/Provider$UString
instanceKlass java/security/Provider$Service
instanceKlass sun/security/provider/NativePRNG$NonBlocking
instanceKlass sun/security/provider/NativePRNG$Blocking
instanceKlass sun/security/provider/NativePRNG
instanceKlass sun/security/provider/SunEntries$1
instanceKlass sun/security/provider/SunEntries
instanceKlass sun/security/jca/ProviderConfig$2
instanceKlass sun/security/jca/ProviderList$2
instanceKlass sun/misc/FDBigInteger
instanceKlass java/security/Provider$EngineDescription
instanceKlass java/security/Provider$ServiceKey
instanceKlass sun/security/jca/ProviderConfig
instanceKlass sun/security/jca/ProviderList
instanceKlass sun/security/jca/Providers
instanceKlass sun/security/jca/GetInstance
instanceKlass java/security/Security$1
instanceKlass java/security/Security
instanceKlass java/security/MessageDigestSpi
instanceKlass java/io/ObjectStreamClass$5
instanceKlass java/io/ObjectStreamClass$4
instanceKlass java/io/ObjectStreamClass$3
instanceKlass java/io/ObjectStreamClass$MemberSignature
instanceKlass java/io/ObjectStreamClass$1
instanceKlass java/io/SerialCallbackContext
instanceKlass java/io/ObjectStreamClass$ClassDataSlot
instanceKlass java/util/function/Predicate
instanceKlass java/util/function/Consumer
instanceKlass java/util/Spliterator
instanceKlass java/util/function/UnaryOperator
instanceKlass com/sun/javafx/scene/KeyboardShortcutsHandler$1
instanceKlass com/sun/javafx/tk/quantum/PaintCollector$$Lambda$185
instanceKlass com/sun/javafx/tk/quantum/PaintCollector$$Lambda$184
instanceKlass com/sun/javafx/tk/quantum/ViewScene$$Lambda$183
instanceKlass com/sun/javafx/tk/quantum/QuantumRenderer$$Lambda$182
instanceKlass com/sun/javafx/tk/quantum/WindowStage$$Lambda$181
instanceKlass java/io/ObjectStreamClass$FieldReflector
instanceKlass java/util/ComparableTimSort
instanceKlass java/io/ObjectStreamClass$2
instanceKlass java/io/Externalizable
instanceKlass java/lang/reflect/Proxy$ProxyClassFactory
instanceKlass java/lang/reflect/Proxy$KeyFactory
instanceKlass java/util/function/BiFunction
instanceKlass java/lang/reflect/WeakCache
instanceKlass java/lang/reflect/InvocationHandler
instanceKlass java/lang/reflect/Proxy
instanceKlass java/io/ObjectStreamClass$EntryFuture
instanceKlass java/io/ObjectStreamClass$Caches
instanceKlass java/io/ObjectStreamClass
instanceKlass java/io/ObjectInputStream$ValidationList
instanceKlass java/io/ObjectInputStream$HandleTable$HandleList
instanceKlass java/io/ObjectInputStream$HandleTable
instanceKlass java/net/Socket$2
instanceKlass java/io/ObjectInput
instanceKlass java/io/Bits
instanceKlass java/io/ObjectOutputStream$ReplaceTable
instanceKlass java/io/ObjectOutputStream$HandleTable
instanceKlass java/net/Socket$3
instanceKlass java/io/ObjectStreamConstants
instanceKlass java/io/ObjectOutput
instanceKlass java/net/Inet6Address$Inet6AddressHolder
instanceKlass sun/net/NetHooks
instanceKlass java/net/Proxy
instanceKlass sun/net/spi/DefaultProxySelector$3
instanceKlass sun/net/spi/DefaultProxySelector$NonProxyInfo
instanceKlass sun/net/NetProperties$1
instanceKlass sun/net/NetProperties
instanceKlass sun/net/spi/DefaultProxySelector$1
instanceKlass java/net/ProxySelector
instanceKlass java/net/SocksSocketImpl$3
instanceKlass java/net/PlainSocketImpl$1
instanceKlass java/net/AbstractPlainSocketImpl$1
instanceKlass java/net/SocketImpl
instanceKlass java/net/SocketOptions
instanceKlass java/net/SocksConsts
instanceKlass java/net/InetSocketAddress$InetSocketAddressHolder
instanceKlass java/net/SocketAddress
instanceKlass java/net/Socket
instanceKlass sun/net/util/IPAddressUtil
instanceKlass java/net/InetAddress$2
instanceKlass sun/net/spi/nameservice/NameService
